[2025-03-17 07:32:23] [REQUEST] POST /about/ HTTP/1.1
[2025-03-17 07:32:23] [RESPONSE] HTTP/1.1 500 Internal Server Error
[2025-03-17 23:59:55] [ERROR] Client sent a request with invalid location (code: 404)
[2025-03-17 23:59:55] [RESPONSE] HTTP/1.1 404 Not Found
[2025-03-18 00:01:54] [REQUEST] POST /about/ HTTP/1.1
[2025-03-18 00:01:54] [RESPONSE] HTTP/1.1 500 Internal Server Error
[2025-03-18 00:02:31] [REQUEST] POST /about/ HTTP/1.1
[2025-03-18 00:02:31] [RESPONSE] HTTP/1.1 500 Internal Server Error
[2025-03-18 00:03:18] [REQUEST] POST /about/ HTTP/1.1
[2025-03-18 00:03:18] [RESPONSE] HTTP/1.1 500 Internal Server Error
[2025-03-18 00:04:40] [REQUEST] POST /about/ HTTP/1.1
[2025-03-18 00:04:40] [RESPONSE] HTTP/1.1 500 Internal Server Error
[2025-03-18 00:04:57] [REQUEST] POST /about/ HTTP/1.1
[2025-03-18 00:04:57] [RESPONSE] HTTP/1.1 500 Internal Server Error
[2025-03-18 00:05:22] [REQUEST] POST /about/ HTTP/1.1
[2025-03-18 00:05:22] [RESPONSE] HTTP/1.1 500 Internal Server Error
[2025-03-18 00:06:00] [REQUEST] POST /about/ HTTP/1.1
[2025-03-18 00:06:00] [RESPONSE] HTTP/1.1 500 Internal Server Error
[2025-03-18 00:07:16] [REQUEST] POST /about/ HTTP/1.1
[2025-03-18 00:07:16] [RESPONSE] HTTP/1.1 500 Internal Server Error
[2025-03-18 00:07:53] [REQUEST] POST /about/ HTTP/1.1
[2025-03-18 00:07:53] [RESPONSE] HTTP/1.1 500 Internal Server Error
[2025-03-18 00:14:44] [ERROR] Client sent a request with invalid location (code: 404)
[2025-03-18 00:15:07] [REQUEST] POST /about/ HTTP/1.1
[2025-03-18 00:23:26] [REQUEST] POST /about/ HTTP/1.1
[2025-03-18 00:25:25] [REQUEST] POST /about/ HTTP/1.1
[2025-03-18 00:36:41] [REQUEST] POST / HTTP/1.1
[2025-03-18 00:37:28] [REQUEST] POST / HTTP/1.1
[2025-03-18 00:37:28] [RESPONSE] HTTP/1.1 405 Method Not Allowed
